2025-08-09 17:11:00 | DEBUG | repo=tictactoe | action=test | passed=true
2025-07-17 11:23:00 | WARN | repo=tictactoe | action=commit
2025-01-11 19:17:00 | DEBUG | repo=tictactoe | action=commit
2025-09-01 21:12:00 | WARN | repo=tictactoe | action=commit
2025-04-01 07:15:00 | INFO | repo=tictactoe | action=commit
2025-11-01 07:43:00 | DEBUG | repo=tictactoe | action=commit
2025-06-19 08:56:00 | WARN | repo=tictactoe | action=commit
2025-03-08 11:25:00 | DEBUG | repo=tictactoe | action=commit
2025-11-01 12:20:00 | DEBUG | repo=tictactoe | action=commit
2025-07-14 19:54:00 | WARN | repo=tictactoe | action=commit
2025-02-04 20:12:00 | DEBUG | repo=tictactoe | action=commit
2025-09-01 21:03:00 | WARN | repo=tictactoe | action=pull
2025-08-02 17:29:00 | DEBUG | repo=tictactoe | action=commit
2025-11-22 19:55:00 | INFO | repo=tictactoe | action=commit
2025-10-02 12:31:00 | DEBUG | repo=tictactoe | action=commit
2025-04-26 18:00:00 | INFO | repo=tictactoe | action=commit
2025-04-04 12:12:00 | WARN | repo=tictactoe | action=pull
2025-04-20 20:30:00 | INFO | repo=tictactoe | action=commit
2025-03-25 15:59:00 | WARN | repo=tictactoe | action=commit
2025-09-16 15:23:00 | WARN | repo=tictactoe | action=pull
2025-10-20 12:55:00 | DEBUG | repo=tictactoe | action=commit
2025-01-20 18:07:00 | WARN | repo=tictactoe | action=commit
2025-10-04 21:49:00 | WARN | repo=tictactoe | action=edit | files=5
2025-02-16 11:56:00 | DEBUG | repo=tictactoe | action=commit
2025-06-25 19:51:00 | DEBUG | repo=tictactoe | action=pull
2025-12-24 13:58:00 | INFO | repo=tictactoe | action=pull
2025-04-09 20:57:00 | INFO | repo=tictactoe | action=commit
2025-02-11 08:25:00 | WARN | repo=tictactoe | action=commit
2025-02-21 20:38:00 | WARN | repo=tictactoe | action=commit
2025-03-27 16:14:00 | INFO | repo=tictactoe | action=test | passed=true
2025-11-28 16:21:00 | INFO | repo=tictactoe | action=commit
2025-12-09 20:15:00 | DEBUG | repo=tictactoe | action=commit
2025-09-25 11:41:00 | DEBUG | repo=tictactoe | action=commit
2025-08-25 15:59:00 | WARN | repo=tictactoe | action=commit
2025-09-13 19:20:00 | DEBUG | repo=tictactoe | action=commit
2025-04-07 15:33:00 | WARN | repo=tictactoe | action=commit
2025-07-13 07:11:00 | WARN | repo=tictactoe | action=test | passed=true
2025-08-15 16:05:00 | WARN | repo=tictactoe | action=pull
2025-06-11 13:06:00 | DEBUG | repo=tictactoe | action=test | passed=true
2025-12-06 12:22:00 | INFO | repo=tictactoe | action=commit
2025-09-25 11:10:00 | INFO | repo=tictactoe | action=commit
2025-02-28 08:07:00 | WARN | repo=tictactoe | action=commit
2025-08-27 11:43:00 | DEBUG | repo=tictactoe | action=edit | files=5
2025-08-12 07:29:00 | WARN | repo=tictactoe | action=commit
2025-01-20 13:46:00 | DEBUG | repo=tictactoe | action=commit
2025-08-05 08:41:00 | WARN | repo=tictactoe | action=commit
2025-07-10 18:03:00 | DEBUG | repo=tictactoe | action=test | passed=true
2025-01-26 13:40:00 | WARN | repo=tictactoe | action=test | passed=true
2025-03-10 17:52:00 | INFO | repo=tictactoe | action=commit
2025-12-01 17:42:00 | DEBUG | repo=tictactoe | action=commit
2025-11-23 21:48:00 | DEBUG | repo=tictactoe | action=edit | files=3
2025-09-03 18:11:00 | INFO | repo=tictactoe | action=edit | files=1
2025-05-12 08:13:00 | INFO | repo=tictactoe | action=commit
2025-09-26 14:32:00 | WARN | repo=tictactoe | action=pull
2025-01-20 15:47:00 | WARN | repo=tictactoe | action=edit | files=4
2025-09-23 09:12:00 | INFO | repo=tictactoe | action=edit | files=2
2025-09-19 09:58:00 | INFO | repo=tictactoe | action=commit
2025-03-15 16:00:00 | DEBUG | repo=tictactoe | action=commit
2025-05-10 19:48:00 | INFO | repo=tictactoe | action=edit | files=1
2025-04-17 12:48:00 | INFO | repo=tictactoe | action=commit
2025-04-02 10:48:00 | DEBUG | repo=tictactoe | action=commit
2025-11-16 07:23:00 | DEBUG | repo=tictactoe | action=commit
2025-08-20 09:04:00 | INFO | repo=tictactoe | action=commit
2025-01-08 18:09:00 | WARN | repo=tictactoe | action=commit
2025-08-04 07:27:00 | INFO | repo=tictactoe | action=commit
2025-09-01 08:50:00 | WARN | repo=tictactoe | action=edit | files=1
2025-10-01 07:54:00 | INFO | repo=tictactoe | action=commit
2025-03-18 18:48:00 | DEBUG | repo=tictactoe | action=commit
2025-10-25 08:27:00 | INFO | repo=tictactoe | action=edit | files=2
2025-12-01 14:21:00 | INFO | repo=tictactoe | action=commit
2025-08-24 21:45:00 | INFO | repo=tictactoe | action=edit | files=1
2025-08-05 20:30:00 | WARN | repo=tictactoe | action=commit
2025-07-14 16:29:00 | WARN | repo=tictactoe | action=commit
2025-11-03 13:58:00 | WARN | repo=tictactoe | action=commit
2025-10-02 18:08:00 | WARN | repo=tictactoe | action=commit
2025-08-03 08:56:00 | WARN | repo=tictactoe | action=commit
2025-01-11 10:04:00 | INFO | repo=tictactoe | action=commit
2025-02-26 08:28:00 | INFO | repo=tictactoe | action=commit
2025-05-08 09:37:00 | WARN | repo=tictactoe | action=commit
2025-11-17 10:12:00 | WARN | repo=tictactoe | action=commit
2025-09-20 11:35:00 | INFO | repo=tictactoe | action=commit
2025-04-11 08:47:00 | DEBUG | repo=tictactoe | action=commit
2025-07-16 14:14:00 | WARN | repo=tictactoe | action=test | passed=true
2025-02-28 21:13:00 | DEBUG | repo=tictactoe | action=pull
2025-10-01 19:39:00 | WARN | repo=tictactoe | action=commit
2025-01-10 09:52:00 | INFO | repo=tictactoe | action=commit
2025-12-28 20:40:00 | WARN | repo=tictactoe | action=commit
2025-11-08 07:10:00 | WARN | repo=tictactoe | action=commit
2025-05-01 16:10:00 | INFO | repo=tictactoe | action=commit
2025-04-07 20:33:00 | DEBUG | repo=tictactoe | action=test | passed=true
2025-03-28 09:17:00 | WARN | repo=tictactoe | action=commit
2025-02-18 21:49:00 | DEBUG | repo=tictactoe | action=edit | files=5
2025-05-14 09:52:00 | WARN | repo=tictactoe | action=commit
